{"C:\\mycode\\Netology\\сайты\\ArrayBuffer--Task_2\\src\\js\\ArrayBufferConverter.js": {"path":"C:\\mycode\\Netology\\сайты\\ArrayBuffer--Task_2\\src\\js\\ArrayBufferConverter.js","statementMap":{"0":{"start":{"line":3,"column":4},"end":{"line":3,"column":25}},"1":{"start":{"line":7,"column":23},"end":{"line":7,"column":51}},"2":{"start":{"line":8,"column":20},"end":{"line":8,"column":22}},"3":{"start":{"line":9,"column":4},"end":{"line":11,"column":5}},"4":{"start":{"line":9,"column":17},"end":{"line":9,"column":18}},"5":{"start":{"line":10,"column":6},"end":{"line":10,"column":54}},"6":{"start":{"line":12,"column":4},"end":{"line":12,"column":21}},"7":{"start":{"line":17,"column":15},"end":{"line":17,"column":70}},"8":{"start":{"line":18,"column":2},"end":{"line":25,"column":11}},"9":{"start":{"line":19,"column":19},"end":{"line":19,"column":51}},"10":{"start":{"line":20,"column":23},"end":{"line":20,"column":46}},"11":{"start":{"line":21,"column":4},"end":{"line":23,"column":5}},"12":{"start":{"line":21,"column":17},"end":{"line":21,"column":18}},"13":{"start":{"line":22,"column":6},"end":{"line":22,"column":42}},"14":{"start":{"line":24,"column":4},"end":{"line":24,"column":18}}},"fnMap":{"0":{"name":"(anonymous_0)","decl":{"start":{"line":2,"column":2},"end":{"line":2,"column":3}},"loc":{"start":{"line":2,"column":22},"end":{"line":4,"column":3}},"line":2},"1":{"name":"(anonymous_1)","decl":{"start":{"line":6,"column":2},"end":{"line":6,"column":3}},"loc":{"start":{"line":6,"column":20},"end":{"line":13,"column":3}},"line":6},"2":{"name":"getBuffer","decl":{"start":{"line":16,"column":16},"end":{"line":16,"column":25}},"loc":{"start":{"line":16,"column":28},"end":{"line":26,"column":1}},"line":16},"3":{"name":"(anonymous_3)","decl":{"start":{"line":18,"column":10},"end":{"line":18,"column":11}},"loc":{"start":{"line":18,"column":21},"end":{"line":25,"column":3}},"line":18}},"branchMap":{},"s":{"0":2,"1":1,"2":1,"3":1,"4":1,"5":53,"6":1,"7":2,"8":2,"9":2,"10":2,"11":2,"12":2,"13":106,"14":2},"f":{"0":2,"1":1,"2":2,"3":2},"b":{},"_coverageSchema":"1a1c01bbd47fc00a2c39e90264f33305004495a9","hash":"ffb0963c8f789bace4076bbaed1298fbbdc3fa08"}
}
